<?xml version="1.0" encoding="UTF-8"?>
<testsuite name="MainWKtTest" tests="7" skipped="1" failures="0" errors="0" timestamp="2022-05-21T21:10:22" hostname="DESKTOP-BDKN6LV" time="0.057">
  <properties/>
  <testcase name="shoud_ReturnMinus1_when_CharIsSpace()" classname="MainWKtTest" time="0.042"/>
  <testcase name="shoud_ReturnIntValue_when_ListTrue()" classname="MainWKtTest" time="0.001">
    <skipped/>
  </testcase>
  <testcase name="shoud_ReturnDoubleValue_when_ListTrue()" classname="MainWKtTest" time="0.003"/>
  <testcase name="shoud_ReturnMinus1_when_ListNull()" classname="MainWKtTest" time="0.0"/>
  <testcase name="shoud_ReturnMinus1_when_EnterDoubleChar()" classname="MainWKtTest" time="0.001"/>
  <testcase name="shoud_ReturnMinus1_when_CharIsNotAOrB()" classname="MainWKtTest" time="0.001"/>
  <testcase name="shoud_ReturnMinus1_when_EnterNumber()" classname="MainWKtTest" time="0.001"/>
  <system-out><![CDATA[]]></system-out>
  <system-err><![CDATA[]]></system-err>
</testsuite>
